\BOOKMARK [0][-]{chapter.1}{\376\377\0001\000\040\000D\000a\000t\000a\000\040\000S\000t\000r\000u\000c\000t\000u\000r\000e\000\040\000I\000n\000d\000e\000x}{}% 1
\BOOKMARK [1][-]{section.1.1}{\376\377\0001\000.\0001\000\040\000D\000a\000t\000a\000\040\000S\000t\000r\000u\000c\000t\000u\000r\000e\000s}{chapter.1}% 2
\BOOKMARK [0][-]{chapter.2}{\376\377\0002\000\040\000F\000i\000l\000e\000\040\000I\000n\000d\000e\000x}{}% 3
\BOOKMARK [1][-]{section.2.1}{\376\377\0002\000.\0001\000\040\000F\000i\000l\000e\000\040\000L\000i\000s\000t}{chapter.2}% 4
\BOOKMARK [0][-]{chapter.3}{\376\377\0003\000\040\000D\000a\000t\000a\000\040\000S\000t\000r\000u\000c\000t\000u\000r\000e\000\040\000D\000o\000c\000u\000m\000e\000n\000t\000a\000t\000i\000o\000n}{}% 5
\BOOKMARK [1][-]{section.3.1}{\376\377\0003\000.\0001\000\040\000T\000L\000e\000x\000\040\000S\000t\000r\000u\000c\000t\000\040\000R\000e\000f\000e\000r\000e\000n\000c\000e}{chapter.3}% 6
\BOOKMARK [2][-]{subsection.3.1.1}{\376\377\0003\000.\0001\000.\0001\000\040\000D\000e\000t\000a\000i\000l\000e\000d\000\040\000D\000e\000s\000c\000r\000i\000p\000t\000i\000o\000n}{section.3.1}% 7
\BOOKMARK [2][-]{subsection.3.1.2}{\376\377\0003\000.\0001\000.\0002\000\040\000F\000i\000e\000l\000d\000\040\000D\000o\000c\000u\000m\000e\000n\000t\000a\000t\000i\000o\000n}{section.3.1}% 8
\BOOKMARK [3][-]{subsubsection.3.1.2.1}{\376\377\0003\000.\0001\000.\0002\000.\0001\000\040\000d\000a\000t\000a}{subsection.3.1.2}% 9
\BOOKMARK [3][-]{subsubsection.3.1.2.2}{\376\377\0003\000.\0001\000.\0002\000.\0002\000\040\000n\000b\000L\000i\000g\000n\000e\000s}{subsection.3.1.2}% 10
\BOOKMARK [3][-]{subsubsection.3.1.2.3}{\376\377\0003\000.\0001\000.\0002\000.\0003\000\040\000n\000b\000S\000y\000m\000b\000o\000l\000e\000s}{subsection.3.1.2}% 11
\BOOKMARK [3][-]{subsubsection.3.1.2.4}{\376\377\0003\000.\0001\000.\0002\000.\0004\000\040\000s\000t\000a\000r\000t\000P\000o\000s}{subsection.3.1.2}% 12
\BOOKMARK [3][-]{subsubsection.3.1.2.5}{\376\377\0003\000.\0001\000.\0002\000.\0005\000\040\000t\000a\000b\000l\000e\000S\000y\000m\000b\000o\000l\000e\000s}{subsection.3.1.2}% 13
\BOOKMARK [1][-]{section.3.2}{\376\377\0003\000.\0002\000\040\000T\000S\000y\000m\000b\000o\000l\000e\000\040\000U\000n\000i\000o\000n\000\040\000R\000e\000f\000e\000r\000e\000n\000c\000e}{chapter.3}% 14
\BOOKMARK [2][-]{subsection.3.2.1}{\376\377\0003\000.\0002\000.\0001\000\040\000D\000e\000t\000a\000i\000l\000e\000d\000\040\000D\000e\000s\000c\000r\000i\000p\000t\000i\000o\000n}{section.3.2}% 15
\BOOKMARK [2][-]{subsection.3.2.2}{\376\377\0003\000.\0002\000.\0002\000\040\000F\000i\000e\000l\000d\000\040\000D\000o\000c\000u\000m\000e\000n\000t\000a\000t\000i\000o\000n}{section.3.2}% 16
\BOOKMARK [3][-]{subsubsection.3.2.2.1}{\376\377\0003\000.\0002\000.\0002\000.\0001\000\040\000t\000y\000p\000e}{subsection.3.2.2}% 17
\BOOKMARK [3][-]{subsubsection.3.2.2.2}{\376\377\0003\000.\0002\000.\0002\000.\0002\000\040\000v\000a\000l}{subsection.3.2.2}% 18
\BOOKMARK [0][-]{chapter.4}{\376\377\0004\000\040\000F\000i\000l\000e\000\040\000D\000o\000c\000u\000m\000e\000n\000t\000a\000t\000i\000o\000n}{}% 19
\BOOKMARK [1][-]{section.4.1}{\376\377\0004\000.\0001\000\040\000t\000p\0002\000\137\000a\000.\000c\000\040\000F\000i\000l\000e\000\040\000R\000e\000f\000e\000r\000e\000n\000c\000e}{chapter.4}% 20
\BOOKMARK [2][-]{subsection.4.1.1}{\376\377\0004\000.\0001\000.\0001\000\040\000D\000e\000t\000a\000i\000l\000e\000d\000\040\000D\000e\000s\000c\000r\000i\000p\000t\000i\000o\000n}{section.4.1}% 21
\BOOKMARK [2][-]{subsection.4.1.2}{\376\377\0004\000.\0001\000.\0002\000\040\000M\000a\000c\000r\000o\000\040\000D\000e\000f\000i\000n\000i\000t\000i\000o\000n\000\040\000D\000o\000c\000u\000m\000e\000n\000t\000a\000t\000i\000o\000n}{section.4.1}% 22
\BOOKMARK [3][-]{subsubsection.4.1.2.1}{\376\377\0004\000.\0001\000.\0002\000.\0001\000\040\000J\000S\000O\000N\000C\000O\000L\000O\000N}{subsection.4.1.2}% 23
\BOOKMARK [3][-]{subsubsection.4.1.2.2}{\376\377\0004\000.\0001\000.\0002\000.\0002\000\040\000J\000S\000O\000N\000C\000O\000M\000M\000A}{subsection.4.1.2}% 24
\BOOKMARK [3][-]{subsubsection.4.1.2.3}{\376\377\0004\000.\0001\000.\0002\000.\0003\000\040\000J\000S\000O\000N\000F\000A\000L\000S\000E}{subsection.4.1.2}% 25
\BOOKMARK [3][-]{subsubsection.4.1.2.4}{\376\377\0004\000.\0001\000.\0002\000.\0004\000\040\000J\000S\000O\000N\000I\000N\000T\000N\000U\000M\000B\000E\000R}{subsection.4.1.2}% 26
\BOOKMARK [3][-]{subsubsection.4.1.2.5}{\376\377\0004\000.\0001\000.\0002\000.\0005\000\040\000J\000S\000O\000N\000L\000B}{subsection.4.1.2}% 27
\BOOKMARK [3][-]{subsubsection.4.1.2.6}{\376\377\0004\000.\0001\000.\0002\000.\0006\000\040\000J\000S\000O\000N\000L\000C\000B}{subsection.4.1.2}% 28
\BOOKMARK [3][-]{subsubsection.4.1.2.7}{\376\377\0004\000.\0001\000.\0002\000.\0007\000\040\000J\000S\000O\000N\000L\000E\000X\000E\000R\000R\000O\000R}{subsection.4.1.2}% 29
\BOOKMARK [3][-]{subsubsection.4.1.2.8}{\376\377\0004\000.\0001\000.\0002\000.\0008\000\040\000J\000S\000O\000N\000N\000U\000L\000L}{subsection.4.1.2}% 30
\BOOKMARK [3][-]{subsubsection.4.1.2.9}{\376\377\0004\000.\0001\000.\0002\000.\0009\000\040\000J\000S\000O\000N\000R\000B}{subsection.4.1.2}% 31
\BOOKMARK [3][-]{subsubsection.4.1.2.10}{\376\377\0004\000.\0001\000.\0002\000.\0001\0000\000\040\000J\000S\000O\000N\000R\000C\000B}{subsection.4.1.2}% 32
\BOOKMARK [3][-]{subsubsection.4.1.2.11}{\376\377\0004\000.\0001\000.\0002\000.\0001\0001\000\040\000J\000S\000O\000N\000R\000E\000A\000L\000N\000U\000M\000B\000E\000R}{subsection.4.1.2}% 33
\BOOKMARK [3][-]{subsubsection.4.1.2.12}{\376\377\0004\000.\0001\000.\0002\000.\0001\0002\000\040\000J\000S\000O\000N\000S\000T\000R\000I\000N\000G}{subsection.4.1.2}% 34
\BOOKMARK [3][-]{subsubsection.4.1.2.13}{\376\377\0004\000.\0001\000.\0002\000.\0001\0003\000\040\000J\000S\000O\000N\000T\000R\000U\000E}{subsection.4.1.2}% 35
\BOOKMARK [2][-]{subsection.4.1.3}{\376\377\0004\000.\0001\000.\0003\000\040\000F\000u\000n\000c\000t\000i\000o\000n\000\040\000D\000o\000c\000u\000m\000e\000n\000t\000a\000t\000i\000o\000n}{section.4.1}% 36
\BOOKMARK [3][-]{subsubsection.4.1.3.1}{\376\377\0004\000.\0001\000.\0003\000.\0001\000\040\000a\000d\000d\000I\000n\000t\000S\000y\000m\000b\000o\000l\000T\000o\000L\000e\000x\000D\000a\000t\000a\000\050\000T\000L\000e\000x\000\040\000*\000l\000e\000x\000D\000a\000t\000a\000,\000\040\000c\000o\000n\000s\000t\000\040\000i\000n\000t\000\040\000v\000a\000l\000\051}{subsection.4.1.3}% 37
\BOOKMARK [3][-]{subsubsection.4.1.3.2}{\376\377\0004\000.\0001\000.\0003\000.\0002\000\040\000a\000d\000d\000R\000e\000a\000l\000S\000y\000m\000b\000o\000l\000T\000o\000L\000e\000x\000D\000a\000t\000a\000\050\000T\000L\000e\000x\000\040\000*\000l\000e\000x\000D\000a\000t\000a\000,\000\040\000c\000o\000n\000s\000t\000\040\000f\000l\000o\000a\000t\000\040\000v\000a\000l\000\051}{subsection.4.1.3}% 38
\BOOKMARK [3][-]{subsubsection.4.1.3.3}{\376\377\0004\000.\0001\000.\0003\000.\0003\000\040\000a\000d\000d\000S\000t\000r\000i\000n\000g\000S\000y\000m\000b\000o\000l\000T\000o\000L\000e\000x\000D\000a\000t\000a\000\050\000T\000L\000e\000x\000\040\000*\000l\000e\000x\000D\000a\000t\000a\000,\000\040\000c\000h\000a\000r\000\040\000*\000v\000a\000l\000\051}{subsection.4.1.3}% 39
\BOOKMARK [3][-]{subsubsection.4.1.3.4}{\376\377\0004\000.\0001\000.\0003\000.\0004\000\040\000d\000e\000l\000e\000t\000e\000L\000e\000x\000D\000a\000t\000a\000\050\000T\000L\000e\000x\000\040\000*\000*\000l\000e\000x\000D\000a\000t\000a\000\051}{subsection.4.1.3}% 40
\BOOKMARK [3][-]{subsubsection.4.1.3.5}{\376\377\0004\000.\0001\000.\0003\000.\0005\000\040\000i\000n\000i\000t\000L\000e\000x\000D\000a\000t\000a\000\050\000c\000h\000a\000r\000\040\000*\000d\000a\000t\000a\000\051}{subsection.4.1.3}% 41
\BOOKMARK [3][-]{subsubsection.4.1.3.6}{\376\377\0004\000.\0001\000.\0003\000.\0006\000\040\000i\000s\000S\000e\000p\000\050\000c\000o\000n\000s\000t\000\040\000c\000h\000a\000r\000\040\000s\000y\000m\000b\000\051}{subsection.4.1.3}% 42
\BOOKMARK [3][-]{subsubsection.4.1.3.7}{\376\377\0004\000.\0001\000.\0003\000.\0007\000\040\000p\000a\000r\000s\000e\000N\000u\000m\000b\000e\000r\000\050\000T\000L\000e\000x\000\040\000*\000l\000e\000x\000D\000a\000t\000a\000\051}{subsection.4.1.3}% 43
\BOOKMARK [3][-]{subsubsection.4.1.3.8}{\376\377\0004\000.\0001\000.\0003\000.\0008\000\040\000p\000a\000r\000s\000e\000S\000t\000r\000i\000n\000g\000\050\000T\000L\000e\000x\000\040\000*\000l\000e\000x\000D\000a\000t\000a\000\051}{subsection.4.1.3}% 44
\BOOKMARK [3][-]{subsubsection.4.1.3.9}{\376\377\0004\000.\0001\000.\0003\000.\0009\000\040\000p\000r\000i\000n\000t\000L\000e\000x\000D\000a\000t\000a\000\050\000T\000L\000e\000x\000\040\000*\000l\000e\000x\000D\000a\000t\000a\000\051}{subsection.4.1.3}% 45
